<?xml version="1.0" encoding="UTF-8"?>
<!-- Generated by org.testng.reporters.JUnitReportReporter -->
<testsuite hostname="LCG-70837733118" failures="0" tests="1" name="test.TestNGExtentReport" time="0.017" errors="0" timestamp="2024-03-06T15:26:36 PST" skipped="0">
  <testcase classname="test.TestNGExtentReport" name="Testcase_001" time="0.017"/>
</testsuite> <!-- test.TestNGExtentReport -->
