<?xml version="1.0" encoding="UTF-8"?>
<!-- Generated by org.testng.reporters.JUnitReportReporter -->
<testsuite hostname="LCG-70837733118" failures="0" tests="1" name="test.TestNG_Demo" time="1.327" errors="0" timestamp="2024-03-01T16:22:21 PST" skipped="0">
  <testcase classname="test.TestNG_Demo" name="googleSearch" time="1.327"/>
</testsuite> <!-- test.TestNG_Demo -->
